C:\Users\navin\Documents\AGK\IDE\templates\seemswork\\Final\template.exe.intermediate.manifest
C:\Users\navin\Documents\AGK\IDE\templates\seemswork\\Final\template.pdb
C:\Users\navin\Documents\AGK\IDE\templates\seemswork\Final\cl.command.1.tlog
C:\Users\navin\Documents\AGK\IDE\templates\seemswork\Final\CL.read.1.tlog
C:\Users\navin\Documents\AGK\IDE\templates\seemswork\Final\CL.write.1.tlog
C:\USERS\NAVIN\DOCUMENTS\AGK\IDE\TEMPLATES\SEEMSWORK\FINAL\CORE.OBJ
C:\Users\navin\Documents\AGK\IDE\templates\seemswork\Final\link.command.1.tlog
C:\Users\navin\Documents\AGK\IDE\templates\seemswork\Final\link.read.1.tlog
C:\Users\navin\Documents\AGK\IDE\templates\seemswork\Final\link.write.1.tlog
C:\Users\navin\Documents\AGK\IDE\templates\seemswork\Final\link-cvtres.read.1.tlog
C:\Users\navin\Documents\AGK\IDE\templates\seemswork\Final\link-cvtres.write.1.tlog
C:\Users\navin\Documents\AGK\IDE\templates\seemswork\Final\rc.command.1.tlog
C:\Users\navin\Documents\AGK\IDE\templates\seemswork\Final\rc.read.1.tlog
C:\Users\navin\Documents\AGK\IDE\templates\seemswork\Final\rc.write.1.tlog
C:\Users\navin\Documents\AGK\IDE\templates\seemswork\Final\template.exe.embed.manifest
C:\USERS\NAVIN\DOCUMENTS\AGK\IDE\TEMPLATES\SEEMSWORK\FINAL\TEMPLATE.EXE.EMBED.MANIFEST.RES
C:\Users\navin\Documents\AGK\IDE\templates\seemswork\Final\template.exe.intermediate.manifest
C:\USERS\NAVIN\DOCUMENTS\AGK\IDE\TEMPLATES\SEEMSWORK\FINAL\TEMPLATE.OBJ
C:\Users\navin\Documents\AGK\IDE\templates\seemswork\Final\template.pdb
C:\Users\navin\Documents\AGK\IDE\templates\seemswork\Final\template.vcxprojResolveAssemblyReference.cache
C:\Users\navin\Documents\AGK\IDE\templates\seemswork\Final\template.write.1.tlog
C:\Users\navin\Documents\AGK\IDE\templates\seemswork\Final\template_manifest.rc
C:\Users\navin\Documents\AGK\IDE\templates\seemswork\Final\vc100.idb
C:\USERS\NAVIN\DOCUMENTS\AGK\IDE\TEMPLATES\SEEMSWORK\FINAL\VC100.PDB
